

Version:	3.12
CmdLine:	F:\university\lap trinh mang\BaiTapNhom\exam-NHOM1-NBTL4-VuongTruongHieu\BTL.GiamSatDichVuMang\dist\LTM.exe --l4j-debug
WOW64:		no
Working dir:	F:\university\lap trinh mang\BaiTapNhom\exam-NHOM1-NBTL4-VuongTruongHieu\BTL.GiamSatDichVuMang\dist\.
Java min ver:	1.006.000
Java max ver:	
32-bit search:	SOFTWARE\JavaSoft\Java Runtime Environment...
Check:		SOFTWARE\JavaSoft\Java Runtime Environment\1.8
Check launcher:	C:\Program Files\Java\jre1.8.0_191\bin\javaw.exe (OK)
Match:		1.008.000
Check:		SOFTWARE\JavaSoft\Java Runtime Environment\1.8.0_191
Check launcher:	C:\Program Files\Java\jre1.8.0_191\bin\javaw.exe (OK)
Match:		1.008.000_191
32-bit search:	SOFTWARE\JavaSoft\Java Development Kit...
Check:		SOFTWARE\JavaSoft\Java Development Kit\1.8
Ignore:		1.008.000
Check:		SOFTWARE\JavaSoft\Java Development Kit\1.8.0_191
Ignore:		1.008.000_191
32-bit search:	SOFTWARE\JavaSoft\JRE...
32-bit search:	SOFTWARE\JavaSoft\JDK...
Runtime used:	1.008.000_191 (32-bit)
Launcher:	C:\Program Files\Java\jre1.8.0_191\bin\javaw.exe
Launcher args:	-jar "F:\university\lap trinh mang\BaiTapNhom\exam-NHOM1-NBTL4-VuongTruongHieu\BTL.GiamSatDichVuMang\dist\LTM.exe"
Args length:	114/32768 chars
Exit code:	0


Version:	3.12
CmdLine:	D:\LTM\LTM\src\exe\LTM.exe --l4j-debug
WOW64:		yes
Working dir:	D:\LTM\LTM\src\exe\.
Java min ver:	1.006.000
Java max ver:	
64-bit search:	SOFTWARE\JavaSoft\Java Runtime Environment...
Check:		SOFTWARE\JavaSoft\Java Runtime Environment\1.8
Check launcher:	C:\Program Files\Java\jre1.8.0_191\bin\javaw.exe (OK)
Match:		1.008.000
Check:		SOFTWARE\JavaSoft\Java Runtime Environment\1.8.0_191
Check launcher:	C:\Program Files\Java\jre1.8.0_191\bin\javaw.exe (OK)
Match:		1.008.000_191
64-bit search:	SOFTWARE\JavaSoft\Java Development Kit...
Check:		SOFTWARE\JavaSoft\Java Development Kit\1.8
Ignore:		1.008.000
Check:		SOFTWARE\JavaSoft\Java Development Kit\1.8.0_191
Ignore:		1.008.000_191
64-bit search:	SOFTWARE\JavaSoft\JRE...
64-bit search:	SOFTWARE\JavaSoft\JDK...
Runtime used:	1.008.000_191 (64-bit)
Launcher:	C:\Program Files\Java\jre1.8.0_191\bin\javaw.exe
Launcher args:	-jar "D:\LTM\LTM\src\exe\LTM.exe"
Args length:	33/32768 chars
Exit code:	0
