#
# A fatal error has been detected by the Java Runtime Environment:
#
#  EXCEPTION_ACCESS_VIOLATION (0xc0000005) at pc=0x000000006096a3b3, pid=1392, tid=0x000000000000113c
#
# JRE version: Java(TM) SE Runtime Environment (8.0_191-b12) (build 1.8.0_191-b12)
# Java VM: Java HotSpot(TM) 64-Bit Server VM (25.191-b12 mixed mode windows-amd64 compressed oops)
# Problematic frame:
# V  [jvm.dll+0x2da3b3]
#
# Failed to write core dump. Minidumps are not enabled by default on client versions of Windows
#
# If you would like to submit a bug report, please visit:
#   http://bugreport.java.com/bugreport/crash.jsp
#

---------------  T H R E A D  ---------------

Current thread (0x00000000161f7000):  VMThread [stack: 0x0000000017290000,0x0000000017390000] [id=4412]

siginfo: ExceptionCode=0xc0000005, reading address 0x000000000163e538

Registers:
RAX=0x000000000163e540, RBX=0x000000001738f140, RCX=0x000000001738f170, RDX=0x000000001738f140
RSP=0x000000001738f0c0, RBP=0x0000000000000000, RSI=0x0000000000000004, RDI=0x0000000060e49858
R8 =0x000000001738f1a0, R9 =0x0000000001758c3b, R10=0x000000001738f1a0, R11=0x0000000001758c3b
R12=0x0000000000000000, R13=0x0000000000000000, R14=0x0000000000000000, R15=0x000000000000000f
RIP=0x000000006096a3b3, EFLAGS=0x0000000000010202

Top of Stack: (sp=0x000000001738f0c0)
0x000000001738f0c0:   0000000001640800 00000000161f63c0
0x000000001738f0d0:   0000000000000000 0000000000000000
0x000000001738f0e0:   0000000060e49858 000000006096a7b3
0x000000001738f0f0:   000000001738f140 0000000000000000
0x000000001738f100:   0000000000000004 000000000163e4b0
0x000000001738f110:   0000000001640800 00000000608d2bd4
0x000000001738f120:   0000000001640800 0000000000000000
0x000000001738f130:   0000000000000004 0000000000000000
0x000000001738f140:   000000001748f350 00000000017408da
0x000000001738f150:   0000000001740790 00007ffa00000000
0x000000001738f160:   000000001748f430 000000001748f350
0x000000001738f170:   000000000163e4b0 0000000001758c3b
0x000000001738f180:   00000000017456d0 0000000000000000
0x000000001738f190:   000000000163e540 000000000163e4b0
0x000000001738f1a0:   000000000163f210 000000000163f210
0x000000001738f1b0:   000000000163c4b0 000000000163c4b4 

Instructions: (pc=0x000000006096a3b3)
0x000000006096a393:   24 08 48 89 6c 24 10 48 89 74 24 18 57 48 83 ec
0x000000006096a3a3:   20 41 80 b8 b0 05 00 00 00 48 8b 41 20 48 8b da
0x000000006096a3b3:   48 8b 68 f8 48 8d 70 10 48 8b f9 74 0b 48 8b d0
0x000000006096a3c3:   49 8b c8 e8 25 ff ff ff 48 8b 47 20 48 8b 48 08 


Register to memory mapping:

RAX=0x000000000163e540 is pointing into the stack for thread: 0x0000000001640800
RBX=0x000000001738f140 is an unknown value
RCX=0x000000001738f170 is an unknown value
RDX=0x000000001738f140 is an unknown value
RSP=0x000000001738f0c0 is an unknown value
RBP=0x0000000000000000 is an unknown value
RSI=0x0000000000000004 is an unknown value
RDI=0x0000000060e49858 is an unknown value
R8 =0x000000001738f1a0 is an unknown value
R9 =0x0000000001758c3b is at code_begin+891 in an Interpreter codelet
method entry point (kind = native)  [0x00000000017588c0, 0x0000000001759280]  2496 bytes
R10=0x000000001738f1a0 is an unknown value
R11=0x0000000001758c3b is at code_begin+891 in an Interpreter codelet
method entry point (kind = native)  [0x00000000017588c0, 0x0000000001759280]  2496 bytes
R12=0x0000000000000000 is an unknown value
R13=0x0000000000000000 is an unknown value
R14=0x0000000000000000 is an unknown value
R15=0x000000000000000f is an unknown value


Stack: [0x0000000017290000,0x0000000017390000],  sp=0x000000001738f0c0,  free space=1020k
Native frames: (J=compiled Java code, j=interpreted, Vv=VM code, C=native code)


---------------  P R O C E S S  ---------------

Java Threads: ( => current thread )
  0x0000000017d1e000 JavaThread "DestroyJavaVM" [_thread_blocked, id=3720, stack(0x00000000198d0000,0x00000000199d0000)]
  0x0000000017b43800 JavaThread "Thread-3" [_thread_in_native, id=8108, stack(0x00000000197d0000,0x00000000198d0000)]
  0x0000000017e79000 JavaThread "AWT-EventQueue-0" [_thread_blocked, id=8836, stack(0x00000000184d0000,0x00000000185d0000)]
  0x0000000017e5a800 JavaThread "AWT-Windows" daemon [_thread_in_native, id=8832, stack(0x00000000183d0000,0x00000000184d0000)]
  0x0000000017e57800 JavaThread "AWT-Shutdown" [_thread_blocked, id=4256, stack(0x00000000182d0000,0x00000000183d0000)]
  0x0000000017e52800 JavaThread "Java2D Disposer" daemon [_thread_blocked, id=4744, stack(0x00000000181d0000,0x00000000182d0000)]
  0x000000001628b800 JavaThread "Service Thread" daemon [_thread_blocked, id=4632, stack(0x0000000017e90000,0x0000000017f90000)]
  0x000000001623a000 JavaThread "C1 CompilerThread2" daemon [_thread_blocked, id=4624, stack(0x0000000017990000,0x0000000017a90000)]
  0x0000000016233000 JavaThread "C2 CompilerThread1" daemon [_thread_blocked, id=4452, stack(0x0000000017890000,0x0000000017990000)]
  0x0000000016230000 JavaThread "C2 CompilerThread0" daemon [_thread_blocked, id=4448, stack(0x0000000017790000,0x0000000017890000)]
  0x000000001622d000 JavaThread "Attach Listener" daemon [_thread_blocked, id=4436, stack(0x0000000017690000,0x0000000017790000)]
  0x000000001622c000 JavaThread "Signal Dispatcher" daemon [_thread_blocked, id=4432, stack(0x0000000017590000,0x0000000017690000)]
  0x000000000173d000 JavaThread "Finalizer" daemon [_thread_blocked, id=4420, stack(0x0000000017490000,0x0000000017590000)]
  0x0000000001731000 JavaThread "Reference Handler" daemon [_thread_blocked, id=4416, stack(0x0000000017390000,0x0000000017490000)]
  0x0000000001640800 JavaThread "main" [_thread_in_native, id=4304, stack(0x0000000001540000,0x0000000001640000)]

Other Threads:
=>0x00000000161f7000 VMThread [stack: 0x0000000017290000,0x0000000017390000] [id=4412]
  0x000000001628e800 WatcherThread [stack: 0x0000000017f90000,0x0000000018090000] [id=4652]

VM state:at safepoint (normal execution)

VM Mutex/Monitor currently owned by a thread:  ([mutex/lock_event])
[0x000000000153b9a0] Safepoint_lock - owner thread: 0x00000000161f7000
[0x000000000153b7a0] Threads_lock - owner thread: 0x00000000161f7000

Heap:
 PSYoungGen      total 37888K, used 29543K [0x00000000d6000000, 0x00000000d8a00000, 0x0000000100000000)
  eden space 32768K, 90% used [0x00000000d6000000,0x00000000d7cd9ee8,0x00000000d8000000)
  from space 5120K, 0% used [0x00000000d8500000,0x00000000d8500000,0x00000000d8a00000)
  to   space 5120K, 0% used [0x00000000d8000000,0x00000000d8000000,0x00000000d8500000)
 ParOldGen       total 86016K, used 0K [0x0000000082000000, 0x0000000087400000, 0x00000000d6000000)
  object space 86016K, 0% used [0x0000000082000000,0x0000000082000000,0x0000000087400000)
 Metaspace       used 17532K, capacity 17838K, committed 18176K, reserved 1064960K
  class space    used 2180K, capacity 2285K, committed 2304K, reserved 1048576K

Card table byte_map: [0x0000000010b00000,0x0000000010f00000] byte_map_base: 0x00000000106f0000

Marking Bits: (ParMarkBitMap*) 0x0000000060eb3e30
 Begin Bits: [0x00000000115a0000, 0x0000000013520000)
 End Bits:   [0x0000000013520000, 0x00000000154a0000)

Polling page: 0x00000000004d0000

CodeCache: size=245760Kb used=4560Kb max_used=4560Kb free=241199Kb
 bounds [0x0000000001740000, 0x0000000001bc0000, 0x0000000010740000]
 total_blobs=1948 nmethods=1389 adapters=471
 compilation: enabled

Compilation events (10 events):
Event: 8.221 Thread 0x000000001623a000 1386       3       com.sun.mail.util.PropUtil::getProp (18 bytes)
Event: 8.221 Thread 0x000000001623a000 nmethod 1386 0x0000000001bb5890 code [0x0000000001bb5a00, 0x0000000001bb5d18]
Event: 8.221 Thread 0x000000001623a000 1384       1       javax.mail.Session::getProperties (5 bytes)
Event: 8.221 Thread 0x000000001623a000 nmethod 1384 0x0000000001b9ce50 code [0x0000000001b9cfa0, 0x0000000001b9d0b0]
Event: 8.221 Thread 0x000000001623a000 1387       3       java.util.Hashtable::<init> (8 bytes)
Event: 8.221 Thread 0x000000001623a000 nmethod 1387 0x0000000001bb5e10 code [0x0000000001bb5fa0, 0x0000000001bb6128]
Event: 8.221 Thread 0x000000001623a000 1388       3       com.sun.mail.util.PropUtil::getBoolean (62 bytes)
Event: 8.222 Thread 0x000000001623a000 nmethod 1388 0x0000000001bb61d0 code [0x0000000001bb6380, 0x0000000001bb6cf8]
Event: 8.222 Thread 0x000000001623a000 1389       3       com.sun.mail.util.PropUtil::getBooleanSessionProperty (13 bytes)
Event: 8.222 Thread 0x000000001623a000 nmethod 1389 0x0000000001bb6e90 code [0x0000000001bb7020, 0x0000000001bb7448]

GC Heap History (0 events):
No events

Deoptimization events (10 events):
Event: 0.754 Thread 0x0000000001640800 Uncommon trap: reason=bimorphic action=maybe_recompile pc=0x000000000196f054 method=java.util.HashMap.getNode(ILjava/lang/Object;)Ljava/util/HashMap$Node; @ 126
Event: 0.824 Thread 0x0000000001640800 Uncommon trap: reason=unstable_if action=reinterpret pc=0x000000000196e2b8 method=java.lang.String.<init>([CII)V @ 18
Event: 1.989 Thread 0x0000000001640800 Uncommon trap: reason=bimorphic action=maybe_recompile pc=0x00000000019da5e0 method=java.util.HashMap.putVal(ILjava/lang/Object;Ljava/lang/Object;ZZ)Ljava/lang/Object; @ 91
Event: 1.989 Thread 0x0000000001640800 Uncommon trap: reason=bimorphic action=maybe_recompile pc=0x00000000019da5e0 method=java.util.HashMap.putVal(ILjava/lang/Object;Ljava/lang/Object;ZZ)Ljava/lang/Object; @ 91
Event: 1.989 Thread 0x0000000001640800 Uncommon trap: reason=bimorphic action=maybe_recompile pc=0x00000000019da5e0 method=java.util.HashMap.putVal(ILjava/lang/Object;Ljava/lang/Object;ZZ)Ljava/lang/Object; @ 91
Event: 1.989 Thread 0x0000000001640800 Uncommon trap: reason=bimorphic action=maybe_recompile pc=0x00000000019da5e0 method=java.util.HashMap.putVal(ILjava/lang/Object;Ljava/lang/Object;ZZ)Ljava/lang/Object; @ 91
Event: 2.270 Thread 0x0000000001640800 Uncommon trap: reason=class_check action=maybe_recompile pc=0x0000000001a1a764 method=java.util.regex.Pattern$BmpCharProperty.match(Ljava/util/regex/Matcher;ILjava/lang/CharSequence;)Z @ 31
Event: 2.270 Thread 0x0000000001640800 Uncommon trap: reason=unstable_if action=reinterpret pc=0x0000000001a1a700 method=java.util.regex.Pattern$BmpCharProperty.match(Ljava/util/regex/Matcher;ILjava/lang/CharSequence;)Z @ 5
Event: 2.905 Thread 0x0000000001640800 Uncommon trap: reason=unstable_if action=reinterpret pc=0x0000000001abb52c method=java.util.Arrays.equals([B[B)Z @ 41
Event: 6.113 Thread 0x0000000001640800 Uncommon trap: reason=unstable_if action=reinterpret pc=0x0000000001a0a268 method=java.lang.Integer.parseInt(Ljava/lang/String;I)I @ 197

Classes redefined (0 events):
No events

Internal exceptions (10 events):
Event: 0.381 Thread 0x0000000001640800 Implicit null exception at 0x00000000018ad922 to 0x00000000018adad1
Event: 0.576 Thread 0x0000000017e79000 Exception <a 'sun/java2d/InvalidPipeException': GDIWindowSurfaceData: bounds changed> (0x00000000d6504848) thrown at [C:\re\workspace\8-2-build-windows-amd64-cygwin\jdk8u191\11896\hotspot\src\share\vm\prims\jni.cpp, line 735]
Event: 0.576 Thread 0x0000000017e79000 Exception <a 'sun/java2d/InvalidPipeException': GDIWindowSurfaceData: bounds changed> (0x00000000d6504ca8) thrown at [C:\re\workspace\8-2-build-windows-amd64-cygwin\jdk8u191\11896\hotspot\src\share\vm\prims\jni.cpp, line 735]
Event: 0.583 Thread 0x0000000017e79000 Exception <a 'sun/java2d/InvalidPipeException': GDIWindowSurfaceData: bounds changed> (0x00000000d650a720) thrown at [C:\re\workspace\8-2-build-windows-amd64-cygwin\jdk8u191\11896\hotspot\src\share\vm\prims\jni.cpp, line 735]
Event: 0.583 Thread 0x0000000017e79000 Exception <a 'sun/java2d/InvalidPipeException': GDIWindowSurfaceData: bounds changed> (0x00000000d650ab80) thrown at [C:\re\workspace\8-2-build-windows-amd64-cygwin\jdk8u191\11896\hotspot\src\share\vm\prims\jni.cpp, line 735]
Event: 0.764 Thread 0x0000000001640800 Exception <a 'java/io/FileNotFoundException'> (0x00000000d67d03c8) thrown at [C:\re\workspace\8-2-build-windows-amd64-cygwin\jdk8u191\11896\hotspot\src\share\vm\prims\jni.cpp, line 709]
Event: 0.785 Thread 0x0000000001640800 Exception <a 'java/io/FileNotFoundException'> (0x00000000d67f1a90) thrown at [C:\re\workspace\8-2-build-windows-amd64-cygwin\jdk8u191\11896\hotspot\src\share\vm\prims\jni.cpp, line 709]
Event: 1.487 Thread 0x0000000001640800 Exception <a 'java/net/UnknownHostException': QUANGVUONG.net.fpt> (0x00000000d6965028) thrown at [C:\re\workspace\8-2-build-windows-amd64-cygwin\jdk8u191\11896\hotspot\src\share\vm\prims\jni.cpp, line 735]
Event: 4.721 Thread 0x0000000001640800 Exception <a 'java/io/FileNotFoundException'> (0x00000000d793d790) thrown at [C:\re\workspace\8-2-build-windows-amd64-cygwin\jdk8u191\11896\hotspot\src\share\vm\prims\jni.cpp, line 709]
Event: 4.721 Thread 0x0000000001640800 Exception <a 'java/io/FileNotFoundException'> (0x00000000d793e248) thrown at [C:\re\workspace\8-2-build-windows-amd64-cygwin\jdk8u191\11896\hotspot\src\share\vm\prims\jni.cpp, line 709]

Events (10 events):
Event: 8.214 loading class com/sun/mail/imap/protocol/RFC822DATA
Event: 8.214 loading class com/sun/mail/imap/protocol/RFC822DATA done
Event: 8.215 loading class javax/mail/IllegalWriteException
Event: 8.215 loading class javax/mail/IllegalWriteException done
Event: 8.217 loading class com/sun/mail/imap/IMAPFolder$FetchProfileItem
Event: 8.217 loading class com/sun/mail/imap/IMAPFolder$FetchProfileItem done
Event: 8.218 loading class com/sun/mail/imap/Utility$Condition
Event: 8.218 loading class com/sun/mail/imap/Utility$Condition done
Event: 8.409 Thread 0x0000000017b43800 Thread added: 0x0000000017b43800
Event: 8.409 Thread 0x0000000017d1e000 Thread added: 0x0000000017d1e000


Dynamic libraries:
0x00007ff71ce20000 - 0x00007ff71ce3f000 	D:\LTM\LTM\src\src\prunsrv.exe
0x00007ffa8e2d0000 - 0x00007ffa8e4b1000 	C:\WINDOWS\SYSTEM32\ntdll.dll
0x00007ffa8dfe0000 - 0x00007ffa8e092000 	C:\WINDOWS\System32\KERNEL32.DLL
0x00007ffa8b0f0000 - 0x00007ffa8b363000 	C:\WINDOWS\System32\KERNELBASE.dll
0x00007ffa8d770000 - 0x00007ffa8d811000 	C:\WINDOWS\System32\ADVAPI32.dll
0x00007ffa8cec0000 - 0x00007ffa8cf5e000 	C:\WINDOWS\System32\msvcrt.dll
0x00007ffa8e0a0000 - 0x00007ffa8e0fb000 	C:\WINDOWS\System32\sechost.dll
0x00007ffa8da40000 - 0x00007ffa8db64000 	C:\WINDOWS\System32\RPCRT4.dll
0x00007ffa8b850000 - 0x00007ffa8cc8f000 	C:\WINDOWS\System32\SHELL32.dll
0x00007ffa8b470000 - 0x00007ffa8b4b9000 	C:\WINDOWS\System32\cfgmgr32.dll
0x00007ffa8b660000 - 0x00007ffa8b75a000 	C:\WINDOWS\System32\ucrtbase.dll
0x00007ffa8d820000 - 0x00007ffa8d8c9000 	C:\WINDOWS\System32\shcore.dll
0x00007ffa8cf60000 - 0x00007ffa8d283000 	C:\WINDOWS\System32\combase.dll
0x00007ffa8b370000 - 0x00007ffa8b3ea000 	C:\WINDOWS\System32\bcryptPrimitives.dll
0x00007ffa8a890000 - 0x00007ffa8af9d000 	C:\WINDOWS\System32\windows.storage.dll
0x00007ffa8d430000 - 0x00007ffa8d481000 	C:\WINDOWS\System32\shlwapi.dll
0x00007ffa8d670000 - 0x00007ffa8d698000 	C:\WINDOWS\System32\GDI32.dll
0x00007ffa8b4c0000 - 0x00007ffa8b652000 	C:\WINDOWS\System32\gdi32full.dll
0x00007ffa8afa0000 - 0x00007ffa8b03f000 	C:\WINDOWS\System32\msvcp_win.dll
0x00007ffa8cd30000 - 0x00007ffa8cec0000 	C:\WINDOWS\System32\USER32.dll
0x00007ffa8b450000 - 0x00007ffa8b470000 	C:\WINDOWS\System32\win32u.dll
0x00007ffa8a680000 - 0x00007ffa8a691000 	C:\WINDOWS\System32\kernel.appcore.dll
0x00007ffa8a600000 - 0x00007ffa8a61f000 	C:\WINDOWS\System32\profapi.dll
0x00007ffa8a630000 - 0x00007ffa8a67c000 	C:\WINDOWS\System32\powrprof.dll
0x00007ffa8a620000 - 0x00007ffa8a62a000 	C:\WINDOWS\System32\FLTLIB.DLL
0x00007ffa8d2f0000 - 0x00007ffa8d31d000 	C:\WINDOWS\System32\IMM32.DLL
0x0000000060690000 - 0x0000000060f34000 	C:\Program Files\Java\jre1.8.0_191\bin\server\jvm.dll
0x00007ffa8db70000 - 0x00007ffa8db78000 	C:\WINDOWS\System32\PSAPI.DLL
0x00007ffa7d1e0000 - 0x00007ffa7d1e9000 	C:\WINDOWS\SYSTEM32\WSOCK32.dll
0x00007ffa88980000 - 0x00007ffa889a3000 	C:\WINDOWS\SYSTEM32\WINMM.dll
0x00007ffa7d040000 - 0x00007ffa7d04a000 	C:\WINDOWS\SYSTEM32\VERSION.dll
0x00007ffa8d3c0000 - 0x00007ffa8d42c000 	C:\WINDOWS\System32\WS2_32.dll
0x00000000605b0000 - 0x0000000060682000 	C:\WINDOWS\SYSTEM32\MSVCR100.dll
0x00007ffa88900000 - 0x00007ffa8892a000 	C:\WINDOWS\SYSTEM32\WINMMBASE.dll
0x00000000605a0000 - 0x00000000605af000 	C:\Program Files\Java\jre1.8.0_191\bin\verify.dll
0x0000000060570000 - 0x0000000060599000 	C:\Program Files\Java\jre1.8.0_191\bin\java.dll
0x0000000060550000 - 0x0000000060566000 	C:\Program Files\Java\jre1.8.0_191\bin\zip.dll
0x00000000603b0000 - 0x0000000060549000 	C:\Program Files\Java\jre1.8.0_191\bin\awt.dll
0x00007ffa8d6a0000 - 0x00007ffa8d762000 	C:\WINDOWS\System32\OLEAUT32.dll
0x00007ffa88870000 - 0x00007ffa888fb000 	C:\WINDOWS\SYSTEM32\apphelp.dll
0x00007ffa88d70000 - 0x00007ffa88d99000 	C:\WINDOWS\system32\DWMAPI.DLL
0x00007ffa78300000 - 0x00007ffa78420000 	C:\WINDOWS\system32\opengl32.dll
0x00007ffa782d0000 - 0x00007ffa782fc000 	C:\WINDOWS\SYSTEM32\GLU32.dll
0x00007ffa78540000 - 0x00007ffa787a9000 	C:\WINDOWS\WinSxS\amd64_microsoft.windows.common-controls_6595b64144ccf1df_6.0.17134.345_none_fb429a5930656358\COMCTL32.dll
0x00007ffa8d8d0000 - 0x00007ffa8da21000 	C:\WINDOWS\System32\ole32.dll
0x00007ffa8d4f0000 - 0x00007ffa8d664000 	C:\WINDOWS\System32\MSCTF.dll
0x0000000060360000 - 0x00000000603a7000 	C:\Program Files\Java\jre1.8.0_191\bin\fontmanager.dll
0x0000000060340000 - 0x000000006035a000 	C:\Program Files\Java\jre1.8.0_191\bin\net.dll
0x00007ffa89e00000 - 0x00007ffa89e66000 	C:\WINDOWS\system32\mswsock.dll
0x0000000060320000 - 0x0000000060331000 	C:\Program Files\Java\jre1.8.0_191\bin\nio.dll
0x00000000602d0000 - 0x0000000060312000 	C:\Program Files\Java\jre1.8.0_191\bin\t2k.dll
0x00007ffa77600000 - 0x00007ffa776a8000 	C:\WINDOWS\SYSTEM32\mscms.dll
0x00007ffa8a4e0000 - 0x00007ffa8a508000 	C:\WINDOWS\SYSTEM32\USERENV.dll
0x00007ffa781a0000 - 0x00007ffa781b0000 	C:\WINDOWS\SYSTEM32\ColorAdapterClient.dll
0x00007ffa6ea00000 - 0x00007ffa6ea43000 	C:\WINDOWS\SYSTEM32\icm32.dll
0x00007ffa89bc0000 - 0x00007ffa89c7e000 	C:\WINDOWS\SYSTEM32\DNSAPI.dll
0x00007ffa8da30000 - 0x00007ffa8da38000 	C:\WINDOWS\System32\NSI.dll
0x00007ffa89b80000 - 0x00007ffa89bb8000 	C:\WINDOWS\SYSTEM32\IPHLPAPI.DLL
0x00007ffa7ec50000 - 0x00007ffa7ec5a000 	C:\Windows\System32\rasadhlp.dll
0x00007ffa80130000 - 0x00007ffa801a2000 	C:\WINDOWS\System32\fwpuclnt.dll
0x00007ffa8a0e0000 - 0x00007ffa8a105000 	C:\WINDOWS\SYSTEM32\bcrypt.dll
0x00007ffa66cf0000 - 0x00007ffa66d06000 	C:\WINDOWS\system32\napinsp.dll
0x00007ffa66cd0000 - 0x00007ffa66cea000 	C:\WINDOWS\system32\pnrpnsp.dll
0x00007ffa86f50000 - 0x00007ffa86f69000 	C:\WINDOWS\system32\NLAapi.dll
0x00007ffa72c60000 - 0x00007ffa72c6e000 	C:\WINDOWS\System32\winrnr.dll
0x00007ffa75980000 - 0x00007ffa75995000 	C:\WINDOWS\System32\wshbth.dll
0x000000005e3d0000 - 0x000000005e3f4000 	C:\Program Files\Java\jre1.8.0_191\bin\sunec.dll
0x00007ffa82bc0000 - 0x00007ffa82bd6000 	C:\WINDOWS\SYSTEM32\dhcpcsvc6.DLL
0x00007ffa82fe0000 - 0x00007ffa82ffa000 	C:\WINDOWS\SYSTEM32\dhcpcsvc.DLL
0x00007ffa89fb0000 - 0x00007ffa89fc7000 	C:\WINDOWS\SYSTEM32\CRYPTSP.dll
0x00007ffa899e0000 - 0x00007ffa89a13000 	C:\WINDOWS\system32\rsaenh.dll
0x00007ffa89fd0000 - 0x00007ffa89fdb000 	C:\WINDOWS\SYSTEM32\CRYPTBASE.dll
0x000000005e3c0000 - 0x000000005e3cb000 	C:\Program Files\Java\jre1.8.0_191\bin\sunmscapi.dll
0x00007ffa8a6a0000 - 0x00007ffa8a882000 	C:\WINDOWS\System32\CRYPT32.dll
0x00007ffa8a5e0000 - 0x00007ffa8a5f2000 	C:\WINDOWS\System32\MSASN1.dll
0x00007ffa7ac90000 - 0x00007ffa7ae59000 	C:\WINDOWS\SYSTEM32\dbghelp.dll

VM Arguments:
jvm_args: -XX:+HeapDumpOnOutOfMemoryError exit abort 
java_command: <unknown>
java_class_path (initial): D:\LTM\LTM\src\dist\BTL.GiamSatDichVuMang.jar
Launcher Type: generic

Environment Variables:
PATH=C:\Program Files\Java\jre1.8.0_191\bin
USERNAME=QUANGVUONG$
OS=Windows_NT
PROCESSOR_IDENTIFIER=Intel64 Family 6 Model 58 Stepping 9, GenuineIntel



---------------  S Y S T E M  ---------------

OS: Windows 10.0 , 64 bit Build 17134 (10.0.17134.1)

CPU:total 4 (initial active 4) (2 cores per cpu, 2 threads per core) family 6 model 58 stepping 9, cmov, cx8, fxsr, mmx, sse, sse2, sse3, ssse3, sse4.1, sse4.2, popcnt, avx, aes, clmul, erms, ht, tsc, tscinvbit, tscinv

Memory: 4k page, physical 8254808k(5131300k free), swap 9565528k(5918464k free)

vm_info: Java HotSpot(TM) 64-Bit Server VM (25.191-b12) for windows-amd64 JRE (1.8.0_191-b12), built on Oct  6 2018 09:29:03 by "java_re" with MS VC++ 10.0 (VS2010)

time: Thu Nov 08 00:33:30 2018
elapsed time: 8 seconds (0d 0h 0m 8s)

